<?xml version="1.0" encoding="UTF-8"?>
<!-- Generated by org.testng.reporters.JUnitReportReporter -->
<testsuite hostname="LAPTOP-F7RL5C13" failures="0" tests="1" name="com.actitime.report.VerifyReportsPage" time="32.310" errors="0" timestamp="2022-01-27T22:14:06 IST" skipped="0">
  <testcase classname="com.actitime.report.VerifyReportsPage" name="verifyReports" time="32.310"/>
  <system-out>
    <![CDATA[verifyReports method started
Enter Time Track Page is Displayed, PASS
Reports Page is Displayed, PASS
verifyReports method PASSED]]>
  </system-out>
</testsuite> <!-- com.actitime.report.VerifyReportsPage -->
